make all --print-data-base --no-builtin-variables --no-builtin-rules --question
make: *** No rule to make target 'all'.  Stop.
 
# GNU Make 4.3
# Built for x86_64-pc-linux-gnu
# Copyright (C) 1988-2020 Free Software Foundation, Inc.
# License GPLv3+: GNU GPL version 3 or later <http://gnu.org/licenses/gpl.html>
# This is free software: you are free to change and redistribute it.
# There is NO WARRANTY, to the extent permitted by law.

# Make data base, printed on Fri Feb 11 22:18:27 2022

# Variables

# environment
GDK_BACKEND = x11
# environment
LC_ALL = C
# environment
NO_AT_BRIDGE = 1
# environment
GTK_RC_FILES = /etc/gtk/gtkrc:/home/ryan/.gtkrc:/home/ryan/.config/gtkrc
# environment
VSCODE_IPC_HOOK_EXTHOST = /run/user/1000/vscode-ipc-88f927a9-fa28-46ff-bd9c-7ec42e8eda96.sock
# environment
LC_NAME = en_US.UTF-8
# environment
LC_NUMERIC = en_US.UTF-8
# environment
VSCODE_CWD = /home/ryan
# environment
UBUNTU_MENUPROXY = 1
# environment
LC_ADDRESS = en_US.UTF-8
# default
MAKE_COMMAND := make
# environment
GTK3_MODULES = xapp-gtk3-module
# automatic
@D = $(patsubst %/,%,$(dir $@))
# environment
VSCODE_HANDLES_UNCAUGHT_ERRORS = true
# default
.VARIABLES := 
# environment
PWD = /home/ryan/Documents/Code/CS3505/A3
# automatic
%D = $(patsubst %/,%,$(dir $%))
# environment
MAIL = /var/spool/mail/ryan
# environment
XDG_DATA_DIRS = /home/ryan/.local/share/flatpak/exports/share:/var/lib/flatpak/exports/share:/usr/local/share:/usr/share:/var/lib/snapd/desktop
# automatic
^D = $(patsubst %/,%,$(dir $^))
# environment
VSCODE_LOG_STACK = false
# automatic
%F = $(notdir $%)
# environment
VSCODE_CODE_CACHE_PATH = /home/ryan/.config/Code/CachedData/d6ee99e4c045a6716e5c653d7da8e9ae6f5a8b03
# environment
XDG_SESSION_PATH = /org/freedesktop/DisplayManager/Session1
# environment
LANG = C
# environment
XAUTHORITY = /home/ryan/.Xauthority
# default
.LOADED := 
# default
.INCLUDE_DIRS = /usr/include /usr/local/include /usr/include
# makefile
MAKEFLAGS = pqrR
# makefile
CURDIR := /home/ryan/Documents/Code/CS3505/A3
# environment
VSCODE_PIPE_LOGGING = true
# environment
APPLICATION_INSIGHTS_NO_DIAGNOSTIC_CHANNEL = 1
# automatic
*D = $(patsubst %/,%,$(dir $*))
# environment
PAM_KWALLET5_LOGIN = /run/user/1000/kwallet5.socket
# environment
MFLAGS = -pqrR
# default
.SHELLFLAGS := -c
# environment
XDG_CONFIG_DIRS = /home/ryan/.config/kdedefaults:/etc/xdg
# automatic
+D = $(patsubst %/,%,$(dir $+))
# environment
XCURSOR_THEME = Sweet-cursors
# environment
XDG_SESSION_DESKTOP = KDE
# environment
VSCODE_CRASH_REPORTER_START_OPTIONS = {"companyName":"Microsoft","productName":"VSCode","submitURL":"appcenter://code?aid=fba07a4d-84bd-4fc8-a125-9640fc8ce171&uid=b560c729-956d-4484-a3d7-0a2396725058&iid=b560c729-956d-4484-a3d7-0a2396725058&sid=b560c729-956d-4484-a3d7-0a2396725058","uploadToServer":true}
# makefile
MAKEFILE_LIST := 
# automatic
@F = $(notdir $@)
# environment
VSCODE_VERBOSE_LOGGING = true
# environment
VSCODE_PID = 14347
# environment
XDG_SESSION_TYPE = x11
# automatic
?D = $(patsubst %/,%,$(dir $?))
# environment
SESSION_MANAGER = local/ryan-p65p67se:@/tmp/.ICE-unix/13146,unix/ryan-p65p67se:/tmp/.ICE-unix/13146
# automatic
*F = $(notdir $*)
# environment
CHROME_DESKTOP = code-url-handler.desktop
# environment
DBUS_SESSION_BUS_ADDRESS = unix:path=/run/user/1000/bus
# automatic
<D = $(patsubst %/,%,$(dir $<))
# environment
VSCODE_NLS_CONFIG = {"locale":"en-us","availableLanguages":{},"_languagePackSupport":true}
# environment
BREAKPAD_DUMP_LOCATION = /home/ryan/.config/Code/exthost Crash Reports
# default
MAKE_HOST := x86_64-pc-linux-gnu
# makefile
SHELL = /bin/sh
# default
MAKECMDGOALS := all
# environment
SHLVL = 1
# environment
MAKELEVEL := 0
# default
MAKE = $(MAKE_COMMAND)
# environment
PATH = /usr/local/sbin:/usr/local/bin:/usr/bin:/var/lib/flatpak/exports/bin:/usr/lib/jvm/default/bin:/usr/bin/site_perl:/usr/bin/vendor_perl:/usr/bin/core_perl:/var/lib/snapd/snap/bin
# default
MAKEFILES := 
# environment
LC_MONETARY = en_US.UTF-8
# environment
MOTD_SHOWN = pam
# automatic
^F = $(notdir $^)
# environment
LC_TIME = en_US.UTF-8
# environment
VSCODE_LOG_NATIVE = false
# environment
LC_TELEPHONE = en_US.UTF-8
# automatic
?F = $(notdir $?)
# environment
KDE_APPLICATIONS_AS_SCOPE = 1
# environment
XDG_SEAT = seat0
# environment
XDG_CURRENT_DESKTOP = KDE
# automatic
+F = $(notdir $+)
# environment
XDG_SEAT_PATH = /org/freedesktop/DisplayManager/Seat0
# environment
DESKTOP_SESSION = plasma
# environment
ORIGINAL_XDG_CURRENT_DESKTOP = KDE
# 'override' directive
GNUMAKEFLAGS := 
# environment
LOGNAME = ryan
# environment
XDG_VTNR = 1
# makefile
.DEFAULT_GOAL := 
# environment
SYSTEMD_EXEC_PID = 12792
# environment
DISPLAY = :0
# environment
GTK_MODULES = canberra-gtk-module:appmenu-gtk-module
# environment
USER = ryan
# default
MAKE_VERSION := 4.3
# environment
KDE_SESSION_UID = 1000
# environment
LC_MEASUREMENT = en_US.UTF-8
# environment
_ = /usr/bin/make
# environment
LC_PAPER = en_US.UTF-8
# environment
XDG_RUNTIME_DIR = /run/user/1000
# environment
XDG_SESSION_CLASS = user
# environment
VSCODE_AMD_ENTRYPOINT = vs/workbench/services/extensions/node/extensionHostProcess
# environment
GTK2_RC_FILES = /etc/gtk-2.0/gtkrc:/home/ryan/.gtkrc-2.0:/home/ryan/.config/gtkrc-2.0
# environment
HOME = /home/ryan
# environment
ELECTRON_RUN_AS_NODE = 1
# environment
VSCODE_IPC_HOOK = /run/user/1000/vscode-736729ae-1.64.1-main.sock
# environment
HG = /usr/bin/hg
# environment
XDG_SESSION_ID = 2
# environment
XCURSOR_SIZE = 24
# default
.RECIPEPREFIX := 
# automatic
<F = $(notdir $<)
# default
SUFFIXES := 
# environment
QT_AUTO_SCREEN_SCALE_FACTOR = 0
# environment
VSCODE_CLI = 1
# environment
ELECTRON_NO_ATTACH_CONSOLE = 1
# environment
KDE_SESSION_VERSION = 5
# default
.FEATURES := target-specific order-only second-expansion else-if shortest-stem undefine oneshell nocomment grouped-target extra-prereqs archives jobserver output-sync check-symlink guile load
# environment
KDE_FULL_SESSION = true
# environment
LC_IDENTIFICATION = en_US.UTF-8
# variable set hash-table stats:
# Load=109/1024=11%, Rehash=0, Collisions=8/136=6%

# Pattern-specific Variable Values

# No pattern-specific variable values.

# Directories

# . (device 40, inode 649065): 4 files, no impossibilities.

# 4 files, no impossibilities in 1 directories.

# Implicit Rules

# No implicit rules.

# Files

# Not a target:
Makefile:
#  Implicit rule search has been done.
#  File does not exist.
#  File has been updated.
#  Failed to be updated.

# Not a target:
.DEFAULT:
#  Implicit rule search has not been done.
#  Modification time never checked.
#  File has not been updated.

# Not a target:
all:
#  Command line target.
#  Implicit rule search has been done.
#  File does not exist.
#  File has not been updated.

# Not a target:
makefile:
#  Implicit rule search has been done.
#  File does not exist.
#  File has been updated.
#  Failed to be updated.

# Not a target:
GNUmakefile:
#  Implicit rule search has been done.
#  File does not exist.
#  File has been updated.
#  Failed to be updated.

# files hash-table stats:
# Load=6/1024=1%, Rehash=0, Collisions=0/15=0%
# VPATH Search Paths

# No 'vpath' search paths.

# No general ('VPATH' variable) search path.

# strcache buffers: 1 (0) / strings = 12 / storage = 102 B / avg = 8 B
# current buf: size = 8162 B / used = 102 B / count = 12 / avg = 8 B

# strcache performance: lookups = 15 / hit rate = 20%
# hash-table stats:
# Load=12/8192=0%, Rehash=0, Collisions=0/15=0%
# Finished Make data base on Fri Feb 11 22:18:27 2022

 
